
> neonblade-ui-web@0.1.0 build
> next build

⚠ Warning: Next.js inferred your workspace root, but it may not be correct.
 We detected multiple lockfiles and selected the directory of X:\NeonBladeUI\neonblade-ui\pnpm-workspace.yaml as the root directory.
 To silence this warning, set `turbopack.root` in your Next.js config, or consider removing one of the lockfiles if it's not needed.
   See https://nextjs.org/docs/app/api-reference/config/next-config-js/turbopack#root-directory for more information.
 Detected additional lockfiles: 
   * X:\NeonBladeUI\neonblade-ui\apps\neonblade-ui-web\pnpm-workspace.yaml

▲ Next.js 16.2.1 (Turbopack)

  Creating an optimized production build ...
✓ Compiled successfully in 4.5s
  Running TypeScript ...
  Finished TypeScript in 6.1s ...
  Collecting page data using 7 workers ...
  Generating static pages using 7 workers (0/5) ...
  Generating static pages using 7 workers (1/5) 
  Generating static pages using 7 workers (2/5) 
  Generating static pages using 7 workers (3/5) 
✓ Generating static pages using 7 workers (5/5) in 1037ms
  Finalizing page optimization ...

Route (app)
┌ ○ /
├ ○ /_not-found
├ ○ /components
└ ƒ /components/[category]/[slug]


○  (Static)   prerendered as static content
ƒ  (Dynamic)  server-rendered on demand

